<?xml version="1.0" encoding="UTF-8"?>
<!-- Generated by org.testng.reporters.JUnitXMLReporter -->
<testsuite ignored="0" hostname="sirishas-Air.hitronhub.home" failures="0" tests="3" name="Default test" time="17.512" errors="0" timestamp="2021-08-10T18:04:40 CDT">
  <testcase classname="com.crm.qa.testcases.LoginPageTest" name="loginpageTitleTest" time="0.098"/>
  <testcase classname="com.crm.qa.testcases.LoginPageTest" name="crmLogoTest" time="0.282"/>
  <testcase classname="com.crm.qa.testcases.LoginPageTest" name="loginPageTest" time="3.668"/>
</testsuite> <!-- Default test -->
